<?xml version="1.0" encoding="UTF-8"?>
<testng-results skipped="0" failed="1" total="4" passed="3">
  <reporter-output>
  </reporter-output>
  <suite name="Example test run" duration-ms="11715" started-at="2018-10-26T08:40:35Z" finished-at="2018-10-26T08:40:47Z">
    <groups>
    </groups>
    <test name="Simple Test" duration-ms="11715" started-at="2018-10-26T08:40:35Z" finished-at="2018-10-26T08:40:47Z">
      <class name="com.google.tests.CopyOfGoogleHomePageTest">
        <test-method status="FAIL" signature="verifyGooglePageTittle2()[pri:0, instance:com.google.tests.CopyOfGoogleHomePageTest@4e04a765]" name="verifyGooglePageTittle2" duration-ms="4723" started-at="2018-10-26T14:10:41Z" finished-at="2018-10-26T14:10:46Z">
          <exception class="java.lang.AssertionError">
            <message>
              <![CDATA[expected [Facebook –a log in or sign up] but found [Facebook – log in or sign up]]]>
            </message>
            <full-stacktrace>
              <![CDATA[java.lang.AssertionError: expected [Facebook –a log in or sign up] but found [Facebook – log in or sign up]
	at org.testng.Assert.fail(Assert.java:94)
	at org.testng.Assert.failNotEquals(Assert.java:494)
	at org.testng.Assert.assertEquals(Assert.java:123)
	at org.testng.Assert.assertEquals(Assert.java:176)
	at org.testng.Assert.assertEquals(Assert.java:186)
	at com.google.tests.CopyOfGoogleHomePageTest.verifyGooglePageTittle2(CopyOfGoogleHomePageTest.java:13)
	at sun.reflect.NativeMethodAccessorImpl.invoke0(Native Method)
	at sun.reflect.NativeMethodAccessorImpl.invoke(NativeMethodAccessorImpl.java:62)
	at sun.reflect.DelegatingMethodAccessorImpl.invoke(DelegatingMethodAccessorImpl.java:43)
	at java.lang.reflect.Method.invoke(Method.java:498)
	at org.testng.internal.MethodInvocationHelper.invokeMethod(MethodInvocationHelper.java:80)
	at org.testng.internal.Invoker.invokeMethod(Invoker.java:714)
	at org.testng.internal.Invoker.invokeTestMethod(Invoker.java:901)
	at org.testng.internal.Invoker.invokeTestMethods(Invoker.java:1231)
	at org.testng.internal.TestMethodWorker.invokeTestMethods(TestMethodWorker.java:127)
	at org.testng.internal.TestMethodWorker.run(TestMethodWorker.java:111)
	at org.testng.TestRunner.privateRun(TestRunner.java:767)
	at org.testng.TestRunner.run(TestRunner.java:617)
	at org.testng.SuiteRunner.runTest(SuiteRunner.java:334)
	at org.testng.SuiteRunner.runSequentially(SuiteRunner.java:329)
	at org.testng.SuiteRunner.privateRun(SuiteRunner.java:291)
	at org.testng.SuiteRunner.run(SuiteRunner.java:240)
	at org.testng.SuiteRunnerWorker.runSuite(SuiteRunnerWorker.java:52)
	at org.testng.SuiteRunnerWorker.run(SuiteRunnerWorker.java:86)
	at org.testng.TestNG.runSuitesSequentially(TestNG.java:1198)
	at org.testng.TestNG.runSuitesLocally(TestNG.java:1123)
	at org.testng.TestNG.run(TestNG.java:1031)
	at org.apache.maven.surefire.testng.TestNGExecutor.run(TestNGExecutor.java:281)
	at org.apache.maven.surefire.testng.TestNGXmlTestSuite.execute(TestNGXmlTestSuite.java:75)
	at org.apache.maven.surefire.testng.TestNGProvider.invoke(TestNGProvider.java:121)
	at org.apache.maven.surefire.booter.ForkedBooter.invokeProviderInSameClassLoader(ForkedBooter.java:290)
	at org.apache.maven.surefire.booter.ForkedBooter.runSuitesInProcess(ForkedBooter.java:242)
	at org.apache.maven.surefire.booter.ForkedBooter.main(ForkedBooter.java:121)
]]>
            </full-stacktrace>
          </exception> <!-- java.lang.AssertionError -->
          <reporter-output>
          </reporter-output>
        </test-method> <!-- verifyGooglePageTittle2 -->
        <test-method status="PASS" signature="verifyGooglePageTittle3()[pri:0, instance:com.google.tests.CopyOfGoogleHomePageTest@4e04a765]" name="verifyGooglePageTittle3" duration-ms="1144" started-at="2018-10-26T14:10:46Z" finished-at="2018-10-26T14:10:47Z">
          <reporter-output>
          </reporter-output>
        </test-method> <!-- verifyGooglePageTittle3 -->
      </class> <!-- com.google.tests.CopyOfGoogleHomePageTest -->
      <class name="com.google.tests.GoogleHomePageTest">
        <test-method status="PASS" signature="testSetUp()[pri:0, instance:com.google.tests.GoogleHomePageTest@3498ed]" name="testSetUp" is-config="true" duration-ms="6215" started-at="2018-10-26T14:10:29Z" finished-at="2018-10-26T14:10:35Z">
          <reporter-output>
          </reporter-output>
        </test-method> <!-- testSetUp -->
        <test-method status="PASS" signature="verifyGooglePageTittle()[pri:0, instance:com.google.tests.GoogleHomePageTest@3498ed]" name="verifyGooglePageTittle" duration-ms="2230" started-at="2018-10-26T14:10:35Z" finished-at="2018-10-26T14:10:37Z">
          <reporter-output>
          </reporter-output>
        </test-method> <!-- verifyGooglePageTittle -->
        <test-method status="PASS" signature="verifyGooglePageTittle1()[pri:0, instance:com.google.tests.GoogleHomePageTest@3498ed]" name="verifyGooglePageTittle1" duration-ms="3601" started-at="2018-10-26T14:10:37Z" finished-at="2018-10-26T14:10:41Z">
          <reporter-output>
          </reporter-output>
        </test-method> <!-- verifyGooglePageTittle1 -->
        <test-method status="PASS" signature="tearDown()[pri:0, instance:com.google.tests.GoogleHomePageTest@3498ed]" name="tearDown" is-config="true" duration-ms="1269" started-at="2018-10-26T14:10:47Z" finished-at="2018-10-26T14:10:48Z">
          <reporter-output>
          </reporter-output>
        </test-method> <!-- tearDown -->
      </class> <!-- com.google.tests.GoogleHomePageTest -->
    </test> <!-- Simple Test -->
  </suite> <!-- Example test run -->
</testng-results>
