<?xml version="1.0" encoding="UTF-8"?>
<!-- Generated by org.testng.reporters.JUnitXMLReporter -->
<testsuite hostname="DAISA01-5520" name="Simple Test" tests="4" failures="1" timestamp="26 Oct 2018 08:40:47 GMT" time="11.715" errors="0">
  <testcase name="verifyGooglePageTittle" time="2.23" classname="com.google.tests.GoogleHomePageTest"/>
  <testcase name="verifyGooglePageTittle1" time="3.601" classname="com.google.tests.GoogleHomePageTest"/>
  <testcase name="verifyGooglePageTittle2" time="4.723" classname="com.google.tests.CopyOfGoogleHomePageTest">
    <failure type="java.lang.AssertionError" message="expected [Facebook –a log in or sign up] but found [Facebook – log in or sign up]">
      <![CDATA[java.lang.AssertionError: expected [Facebook –a log in or sign up] but found [Facebook – log in or sign up]
	at com.google.tests.CopyOfGoogleHomePageTest.verifyGooglePageTittle2(CopyOfGoogleHomePageTest.java:13)
	at org.apache.maven.surefire.testng.TestNGExecutor.run(TestNGExecutor.java:281)
	at org.apache.maven.surefire.testng.TestNGXmlTestSuite.execute(TestNGXmlTestSuite.java:75)
	at org.apache.maven.surefire.testng.TestNGProvider.invoke(TestNGProvider.java:121)
	at org.apache.maven.surefire.booter.ForkedBooter.invokeProviderInSameClassLoader(ForkedBooter.java:290)
	at org.apache.maven.surefire.booter.ForkedBooter.runSuitesInProcess(ForkedBooter.java:242)
	at org.apache.maven.surefire.booter.ForkedBooter.main(ForkedBooter.java:121)
... Removed 26 stack frames]]>
    </failure>
  </testcase> <!-- verifyGooglePageTittle2 -->
  <testcase name="verifyGooglePageTittle3" time="1.144" classname="com.google.tests.CopyOfGoogleHomePageTest"/>
</testsuite> <!-- Simple Test -->
